Using pre-set license
Built from '2020.2/release' branch; Version is '2020.2.1f1 (270dd8c3da1c) revision 2559448'; Using compiler version '192528614'; Build Type 'Release'
OS: 'Windows 10  (10.0.0) 64bit' Language: 'en' Physical Memory: 16260 MB
BatchMode: 1, IsHumanControllingUs: 0, StartBugReporterOnCrash: 0, Is64bit: 1, IsPro: 0

 COMMAND LINE ARGUMENTS:
C:\Program Files\Unity\Hub\Editor\2020.2.1f1\Editor\Unity.exe
-adb2
-batchMode
-noUpm
-name
AssetImportWorker0
-projectPath
C:/Users/lewic/Desktop/Game/Untitled Gnome Game
-logFile
Logs/AssetImportWorker0.log
-srvPort
62088
Successfully changed project path to: C:/Users/lewic/Desktop/Game/Untitled Gnome Game
C:/Users/lewic/Desktop/Game/Untitled Gnome Game
Using Asset Import Pipeline V2.
Refreshing native plugins compatible for Editor in 45.93 ms, found 1 plugins.
Preloading 0 native plugins for Editor in 0.00 ms.
Initialize engine version: 2020.2.1f1 (270dd8c3da1c)
[Subsystems] Discovering subsystems at path C:/Program Files/Unity/Hub/Editor/2020.2.1f1/Editor/Data/Resources/UnitySubsystems
[Subsystems] Discovering subsystems at path C:/Users/lewic/Desktop/Game/Untitled Gnome Game/Assets
GfxDevice: creating device client; threaded=0
Direct3D:
    Version:  Direct3D 11.0 [level 11.1]
    Renderer: NVIDIA GeForce GTX 1060 (ID=0x1c60)
    Vendor:   
    VRAM:     6052 MB
    Driver:   27.21.14.6192
Initialize mono
Mono path[0] = 'C:/Program Files/Unity/Hub/Editor/2020.2.1f1/Editor/Data/Managed'
Mono path[1] = 'C:/Program Files/Unity/Hub/Editor/2020.2.1f1/Editor/Data/MonoBleedingEdge/lib/mono/unityjit'
Mono config path = 'C:/Program Files/Unity/Hub/Editor/2020.2.1f1/Editor/Data/MonoBleedingEdge/etc'
Using monoOptions --debugger-agent=transport=dt_socket,embedding=1,server=y,suspend=n,address=127.0.0.1:56732
Begin MonoManager ReloadAssembly
Registering precompiled unity dll's ...
Register platform support module: C:/Program Files/Unity/Hub/Editor/2020.2.1f1/Editor/Data/PlaybackEngines/WebGLSupport/UnityEditor.WebGL.Extensions.dll
Register platform support module: C:/Program Files/Unity/Hub/Editor/2020.2.1f1/Editor/Data/PlaybackEngines/WindowsStandaloneSupport/UnityEditor.WindowsStandalone.Extensions.dll
Registered in 0.001801 seconds.
Native extension for WindowsStandalone target not found
Native extension for WebGL target not found
Refreshing native plugins compatible for Editor in 43.30 ms, found 1 plugins.
Preloading 0 native plugins for Editor in 0.00 ms.
Invoked RoslynAnalysisRunner static constructor.
RoslynAnalysisRunner will not be running.
RoslynAnalysisRunner has terminated.
Mono: successfully reloaded assembly
- Completed reload, in  2.148 seconds
Platform modules already initialized, skipping
Registering precompiled user dll's ...
Registered in 0.001450 seconds.
Begin MonoManager ReloadAssembly
Native extension for WindowsStandalone target not found
Native extension for WebGL target not found
Refreshing native plugins compatible for Editor in 43.11 ms, found 1 plugins.
Preloading 0 native plugins for Editor in 0.00 ms.
Invoked RoslynAnalysisRunner static constructor.
RoslynAnalysisRunner will not be running.
RoslynAnalysisRunner has terminated.
Mono: successfully reloaded assembly
- Completed reload, in  1.017 seconds
Platform modules already initialized, skipping
========================================================================
Worker process is ready to serve import requests
Launched and connected shader compiler UnityShaderCompiler.exe after 0.05 seconds
Refreshing native plugins compatible for Editor in 0.55 ms, found 1 plugins.
Preloading 0 native plugins for Editor in 0.00 ms.
Unloading 2112 Unused Serialized files (Serialized files now loaded: 0)
System memory in use before: 96.9 MB.
System memory in use after: 96.9 MB.

Unloading 26 unused Assets to reduce memory usage. Loaded Objects now: 2556.
Total: 2.467000 ms (FindLiveObjects: 0.286700 ms CreateObjectMapping: 0.170400 ms MarkObjects: 1.894600 ms  DeleteObjects: 0.114000 ms)

========================================================================
Received Import Request.
  path: Assets/Scenes/Level_01.unity
  artifactKey: Guid(2cda990e2423bbf4892e6590ba056729) Importer(815301076,1909f56bfc062723c751e8b465ee728b)
Start importing Assets/Scenes/Level_01.unity using Guid(2cda990e2423bbf4892e6590ba056729) Importer(815301076,1909f56bfc062723c751e8b465ee728b)  -> (artifact id: 'cb6754008f8718e0e38e965ade6fd12b') in 0.017337 seconds
  Import took 0.020705 seconds .

========================================================================
Received Import Request.
  Time since last request: 4610.218582 seconds.
  path: Assets/Art/Tree.png
  artifactKey: Guid(2274551def729d246bd49157a37f0ae0) Importer(815301076,1909f56bfc062723c751e8b465ee728b)
Start importing Assets/Art/Tree.png using Guid(2274551def729d246bd49157a37f0ae0) Importer(815301076,1909f56bfc062723c751e8b465ee728b)  -> (artifact id: '42dd39db7f7cebb2bcd3be8578bee5cd') in 0.156904 seconds
  Import took 0.165279 seconds .

========================================================================
Received Import Request.
  Time since last request: 30.923239 seconds.
  path: Assets/Art/Tree.png
  artifactKey: Guid(2274551def729d246bd49157a37f0ae0) Importer(815301076,1909f56bfc062723c751e8b465ee728b)
Start importing Assets/Art/Tree.png using Guid(2274551def729d246bd49157a37f0ae0) Importer(815301076,1909f56bfc062723c751e8b465ee728b)  -> (artifact id: '1fedfceaad95dff8c4890b1e8f34f5d1') in 0.010716 seconds
  Import took 0.014028 seconds .

========================================================================
Received Import Request.
  Time since last request: 10.967939 seconds.
  path: Assets/Art/Tree.png
  artifactKey: Guid(2274551def729d246bd49157a37f0ae0) Importer(815301076,1909f56bfc062723c751e8b465ee728b)
Start importing Assets/Art/Tree.png using Guid(2274551def729d246bd49157a37f0ae0) Importer(815301076,1909f56bfc062723c751e8b465ee728b)  -> (artifact id: '13ca3bdc6c491124c74a0ce6c3e1f3fa') in 0.009129 seconds
  Import took 0.012472 seconds .

========================================================================
Received Import Request.
  Time since last request: 23.550712 seconds.
  path: Assets/Art/Tree.png
  artifactKey: Guid(2274551def729d246bd49157a37f0ae0) Importer(815301076,1909f56bfc062723c751e8b465ee728b)
Start importing Assets/Art/Tree.png using Guid(2274551def729d246bd49157a37f0ae0) Importer(815301076,1909f56bfc062723c751e8b465ee728b)  -> (artifact id: '1bc1d70ccb227ac5c22b6140902700ec') in 0.008615 seconds
  Import took 0.012410 seconds .

========================================================================
Received Import Request.
  Time since last request: 96.003727 seconds.
  path: Assets/Art/Tree.png
  artifactKey: Guid(2274551def729d246bd49157a37f0ae0) Importer(815301076,1909f56bfc062723c751e8b465ee728b)
Start importing Assets/Art/Tree.png using Guid(2274551def729d246bd49157a37f0ae0) Importer(815301076,1909f56bfc062723c751e8b465ee728b)  -> (artifact id: 'e39cff0c4bebff351212dd2e1dba3ab3') in 0.012093 seconds
  Import took 0.015689 seconds .

========================================================================
Received Import Request.
  Time since last request: 38.788830 seconds.
  path: Assets/Art/Tree.png
  artifactKey: Guid(2274551def729d246bd49157a37f0ae0) Importer(815301076,1909f56bfc062723c751e8b465ee728b)
Start importing Assets/Art/Tree.png using Guid(2274551def729d246bd49157a37f0ae0) Importer(815301076,1909f56bfc062723c751e8b465ee728b)  -> (artifact id: 'f7c1cf470fb3fb0d829f2d3cb1b253d5') in 0.008393 seconds
  Import took 0.012063 seconds .

========================================================================
Received Prepare
Registering precompiled user dll's ...
Registered in 0.002097 seconds.
Begin MonoManager ReloadAssembly
Native extension for WindowsStandalone target not found
Native extension for WebGL target not found
Refreshing native plugins compatible for Editor in 0.50 ms, found 1 plugins.
Preloading 0 native plugins for Editor in 0.00 ms.
Invoked RoslynAnalysisRunner static constructor.
RoslynAnalysisRunner will not be running.
RoslynAnalysisRunner has terminated.
Mono: successfully reloaded assembly
- Completed reload, in  1.011 seconds
Platform modules already initialized, skipping
Refreshing native plugins compatible for Editor in 0.45 ms, found 1 plugins.
Preloading 0 native plugins for Editor in 0.00 ms.
Unloading 2088 Unused Serialized files (Serialized files now loaded: 0)
System memory in use before: 98.6 MB.
System memory in use after: 98.6 MB.

Unloading 14 unused Assets to reduce memory usage. Loaded Objects now: 2566.
Total: 2.413200 ms (FindLiveObjects: 0.224700 ms CreateObjectMapping: 0.101100 ms MarkObjects: 1.985800 ms  DeleteObjects: 0.100300 ms)

========================================================================
Received Prepare
Registering precompiled user dll's ...
Registered in 0.001487 seconds.
Begin MonoManager ReloadAssembly
Native extension for WindowsStandalone target not found
Native extension for WebGL target not found
Refreshing native plugins compatible for Editor in 0.73 ms, found 1 plugins.
Preloading 0 native plugins for Editor in 0.00 ms.
Invoked RoslynAnalysisRunner static constructor.
RoslynAnalysisRunner will not be running.
RoslynAnalysisRunner has terminated.
Mono: successfully reloaded assembly
- Completed reload, in  0.977 seconds
Platform modules already initialized, skipping
Refreshing native plugins compatible for Editor in 0.41 ms, found 1 plugins.
Preloading 0 native plugins for Editor in 0.00 ms.
Unloading 2088 Unused Serialized files (Serialized files now loaded: 0)
System memory in use before: 98.9 MB.
System memory in use after: 98.9 MB.

Unloading 14 unused Assets to reduce memory usage. Loaded Objects now: 2570.
Total: 2.597700 ms (FindLiveObjects: 0.229600 ms CreateObjectMapping: 0.096600 ms MarkObjects: 2.169700 ms  DeleteObjects: 0.100200 ms)

========================================================================
Received Prepare
Registering precompiled user dll's ...
Registered in 0.001449 seconds.
Begin MonoManager ReloadAssembly
Native extension for WindowsStandalone target not found
Native extension for WebGL target not found
Refreshing native plugins compatible for Editor in 0.66 ms, found 1 plugins.
Preloading 0 native plugins for Editor in 0.00 ms.
Invoked RoslynAnalysisRunner static constructor.
RoslynAnalysisRunner will not be running.
RoslynAnalysisRunner has terminated.
Mono: successfully reloaded assembly
- Completed reload, in  0.945 seconds
Platform modules already initialized, skipping
Refreshing native plugins compatible for Editor in 0.41 ms, found 1 plugins.
Preloading 0 native plugins for Editor in 0.00 ms.
Unloading 2088 Unused Serialized files (Serialized files now loaded: 0)
System memory in use before: 99.1 MB.
System memory in use after: 99.1 MB.

Unloading 14 unused Assets to reduce memory usage. Loaded Objects now: 2574.
Total: 2.370900 ms (FindLiveObjects: 0.231500 ms CreateObjectMapping: 0.103400 ms MarkObjects: 1.935800 ms  DeleteObjects: 0.099300 ms)

AssetImportWorkerClient::OnTransportError - code=2 error=End of file
